0 info it worked if it ends with ok
1 verbose cli [ 'node', '/usr/bin/npm', 'install', 'request' ]
2 info using npm@3.7.2
3 info using node@v0.10.41
4 verbose node symlink /usr/bin/node
5 silly loadCurrentTree Starting
6 silly install loadCurrentTree
7 silly install readLocalPackageData
8 silly fetchPackageMetaData request
9 silly fetchNamedPackageData request
10 silly mapToRegistry name request
11 silly mapToRegistry using default registry
12 silly mapToRegistry registry https://registry.npmjs.org/
13 silly mapToRegistry uri https://registry.npmjs.org/request
14 verbose get https://registry.npmjs.org/request not expired, no request
15 silly install normalizeTree
16 silly loadCurrentTree Finishing
17 silly loadIdealTree Starting
18 silly install loadIdealTree
19 silly cloneCurrentTree Starting
20 silly install cloneCurrentTreeToIdealTree
21 silly cloneCurrentTree Finishing
22 silly loadShrinkwrap Starting
23 silly install loadShrinkwrap
24 silly loadShrinkwrap Finishing
25 silly loadAllDepsIntoIdealTree Starting
26 silly install loadAllDepsIntoIdealTree
27 silly resolveWithNewModule request@2.69.0 checking installable status
28 silly cache add args [ 'request', null ]
29 verbose cache add spec request
30 silly cache add parsed spec { raw: 'request',
30 silly cache add   scope: null,
30 silly cache add   name: 'request',
30 silly cache add   rawSpec: '',
30 silly cache add   spec: 'latest',
30 silly cache add   type: 'tag' }
31 silly addNamed request@latest
32 verbose addNamed "latest" is being treated as a dist-tag for request
33 info addNameTag [ 'request', 'latest' ]
34 silly mapToRegistry name request
35 silly mapToRegistry using default registry
36 silly mapToRegistry registry https://registry.npmjs.org/
37 silly mapToRegistry uri https://registry.npmjs.org/request
38 verbose addNameTag registry:https://registry.npmjs.org/request not in flight; fetching
39 verbose get https://registry.npmjs.org/request not expired, no request
40 silly addNameTag next cb for request with tag latest
41 silly addNamed request@2.69.0
42 verbose addNamed "2.69.0" is a plain semver version for request
43 silly cache afterAdd request@2.69.0
44 verbose afterAdd /home/zarin/.npm/request/2.69.0/package/package.json not in flight; writing
45 verbose correctMkdir /home/zarin/.npm correctMkdir not in flight; initializing
46 verbose afterAdd /home/zarin/.npm/request/2.69.0/package/package.json written
47 silly fetchNamedPackageData qs
48 silly mapToRegistry name qs
49 silly mapToRegistry using default registry
50 silly mapToRegistry registry https://registry.npmjs.org/
51 silly mapToRegistry uri https://registry.npmjs.org/qs
52 verbose get https://registry.npmjs.org/qs not expired, no request
53 silly resolveWithNewModule qs@6.0.2 checking installable status
54 silly cache add args [ 'qs@~6.0.2', null ]
55 verbose cache add spec qs@~6.0.2
56 silly cache add parsed spec { raw: 'qs@~6.0.2',
56 silly cache add   scope: null,
56 silly cache add   name: 'qs',
56 silly cache add   rawSpec: '~6.0.2',
56 silly cache add   spec: '>=6.0.2 <6.1.0',
56 silly cache add   type: 'range' }
57 silly addNamed qs@>=6.0.2 <6.1.0
58 verbose addNamed ">=6.0.2 <6.1.0" is a valid semver range for qs
59 silly addNameRange { name: 'qs', range: '>=6.0.2 <6.1.0', hasData: false }
60 silly mapToRegistry name qs
61 silly mapToRegistry using default registry
62 silly mapToRegistry registry https://registry.npmjs.org/
63 silly mapToRegistry uri https://registry.npmjs.org/qs
64 verbose addNameRange registry:https://registry.npmjs.org/qs not in flight; fetching
65 verbose get https://registry.npmjs.org/qs not expired, no request
66 silly addNameRange number 2 { name: 'qs', range: '>=6.0.2 <6.1.0', hasData: true }
67 silly addNameRange versions [ 'qs',
67 silly addNameRange   [ '0.0.1',
67 silly addNameRange     '0.0.2',
67 silly addNameRange     '0.0.3',
67 silly addNameRange     '0.0.4',
67 silly addNameRange     '0.0.5',
67 silly addNameRange     '0.0.6',
67 silly addNameRange     '0.0.7',
67 silly addNameRange     '0.1.0',
67 silly addNameRange     '0.2.0',
67 silly addNameRange     '0.3.0',
67 silly addNameRange     '0.3.1',
67 silly addNameRange     '0.3.2',
67 silly addNameRange     '0.4.0',
67 silly addNameRange     '0.4.1',
67 silly addNameRange     '0.4.2',
67 silly addNameRange     '0.5.0',
67 silly addNameRange     '0.5.1',
67 silly addNameRange     '0.5.2',
67 silly addNameRange     '0.5.3',
67 silly addNameRange     '0.5.4',
67 silly addNameRange     '0.5.5',
67 silly addNameRange     '0.5.6',
67 silly addNameRange     '0.6.0',
67 silly addNameRange     '0.6.1',
67 silly addNameRange     '0.6.2',
67 silly addNameRange     '0.6.3',
67 silly addNameRange     '0.6.4',
67 silly addNameRange     '0.6.5',
67 silly addNameRange     '0.6.6',
67 silly addNameRange     '1.0.0',
67 silly addNameRange     '1.0.1',
67 silly addNameRange     '1.0.2',
67 silly addNameRange     '1.1.0',
67 silly addNameRange     '1.2.0',
67 silly addNameRange     '1.2.1',
67 silly addNameRange     '1.2.2',
67 silly addNameRange     '2.0.0',
67 silly addNameRange     '2.1.0',
67 silly addNameRange     '2.2.0',
67 silly addNameRange     '2.2.1',
67 silly addNameRange     '2.2.2',
67 silly addNameRange     '2.2.3',
67 silly addNameRange     '2.2.4',
67 silly addNameRange     '2.2.5',
67 silly addNameRange     '2.3.0',
67 silly addNameRange     '2.3.1',
67 silly addNameRange     '2.3.2',
67 silly addNameRange     '2.3.3',
67 silly addNameRange     '2.4.0',
67 silly addNameRange     '2.4.1',
67 silly addNameRange     '2.4.2',
67 silly addNameRange     '3.0.0',
67 silly addNameRange     '3.1.0',
67 silly addNameRange     '4.0.0',
67 silly addNameRange     '5.0.0',
67 silly addNameRange     '5.1.0',
67 silly addNameRange     '5.2.0',
67 silly addNameRange     '6.0.0',
67 silly addNameRange     '6.0.1',
67 silly addNameRange     '6.0.2',
67 silly addNameRange     '6.1.0' ] ]
68 silly addNamed qs@6.0.2
69 verbose addNamed "6.0.2" is a plain semver version for qs
70 silly cache afterAdd qs@6.0.2
71 verbose afterAdd /home/zarin/.npm/qs/6.0.2/package/package.json not in flight; writing
72 verbose correctMkdir /home/zarin/.npm correctMkdir not in flight; initializing
73 verbose afterAdd /home/zarin/.npm/qs/6.0.2/package/package.json written
74 silly loadAllDepsIntoIdealTree Finishing
75 silly idealTree:prePrune Spotinder@1.0.0
75 silly idealTree:prePrune ├── accepts@1.2.13
75 silly idealTree:prePrune ├── amdefine@1.0.0
75 silly idealTree:prePrune ├── ansi-regex@2.0.0
75 silly idealTree:prePrune ├── ansi-styles@2.2.0
75 silly idealTree:prePrune ├── array-flatten@1.1.1
75 silly idealTree:prePrune ├── asap@1.0.0
75 silly idealTree:prePrune ├── asn1@0.2.3
75 silly idealTree:prePrune ├── assert-plus@0.2.0
75 silly idealTree:prePrune ├── async@0.2.10
75 silly idealTree:prePrune ├── aws-sign2@0.6.0
75 silly idealTree:prePrune ├── aws4@1.3.2
75 silly idealTree:prePrune ├── balanced-match@0.3.0
75 silly idealTree:prePrune ├── base64-url@1.2.1
75 silly idealTree:prePrune ├── basic-auth@1.0.3
75 silly idealTree:prePrune ├─┬ bl@1.0.3
75 silly idealTree:prePrune │ └── readable-stream@2.0.5
75 silly idealTree:prePrune ├── bluebird@2.9.26
75 silly idealTree:prePrune ├── body-parser@1.15.0
75 silly idealTree:prePrune ├── boom@2.10.1
75 silly idealTree:prePrune ├── brace-expansion@1.1.3
75 silly idealTree:prePrune ├── bson@0.4.21
75 silly idealTree:prePrune ├── bytes@2.2.0
75 silly idealTree:prePrune ├── caseless@0.11.0
75 silly idealTree:prePrune ├── chalk@1.1.1
75 silly idealTree:prePrune ├── color-convert@1.0.0
75 silly idealTree:prePrune ├── combined-stream@1.0.5
75 silly idealTree:prePrune ├── commander@2.9.0
75 silly idealTree:prePrune ├── concat-map@0.0.1
75 silly idealTree:prePrune ├── content-disposition@0.5.1
75 silly idealTree:prePrune ├── content-type@1.0.1
75 silly idealTree:prePrune ├── cookie-parser@1.4.1
75 silly idealTree:prePrune ├── cookie-signature@1.0.6
75 silly idealTree:prePrune ├── cookie@0.2.3
75 silly idealTree:prePrune ├── core-util-is@1.0.2
75 silly idealTree:prePrune ├── crc@3.4.0
75 silly idealTree:prePrune ├── cryptiles@2.0.5
75 silly idealTree:prePrune ├─┬ dashdash@1.13.0
75 silly idealTree:prePrune │ └── assert-plus@1.0.0
75 silly idealTree:prePrune ├── debug@2.2.0
75 silly idealTree:prePrune ├── delayed-stream@1.0.0
75 silly idealTree:prePrune ├── depd@1.1.0
75 silly idealTree:prePrune ├── destroy@1.0.4
75 silly idealTree:prePrune ├── ecc-jsbn@0.1.1
75 silly idealTree:prePrune ├── ee-first@1.1.1
75 silly idealTree:prePrune ├── es6-promise@3.0.2
75 silly idealTree:prePrune ├── escape-html@1.0.3
75 silly idealTree:prePrune ├── escape-string-regexp@1.0.5
75 silly idealTree:prePrune ├── etag@1.7.0
75 silly idealTree:prePrune ├── express-handlebars@2.0.1
75 silly idealTree:prePrune ├── express-session@1.13.0
75 silly idealTree:prePrune ├─┬ express@4.13.4
75 silly idealTree:prePrune │ ├── cookie@0.1.5
75 silly idealTree:prePrune │ └── qs@4.0.0
75 silly idealTree:prePrune ├── extend@3.0.0
75 silly idealTree:prePrune ├── extsprintf@1.0.2
75 silly idealTree:prePrune ├── finalhandler@0.4.1
75 silly idealTree:prePrune ├── forever-agent@0.6.1
75 silly idealTree:prePrune ├─┬ form-data@1.0.0-rc3
75 silly idealTree:prePrune │ └── async@1.5.2
75 silly idealTree:prePrune ├── forwarded@0.1.0
75 silly idealTree:prePrune ├── fresh@0.3.0
75 silly idealTree:prePrune ├── generate-function@2.0.0
75 silly idealTree:prePrune ├── generate-object-property@1.2.0
75 silly idealTree:prePrune ├── glob@5.0.15
75 silly idealTree:prePrune ├── graceful-fs@3.0.8
75 silly idealTree:prePrune ├── graceful-readlink@1.0.1
75 silly idealTree:prePrune ├── handlebars@3.0.3
75 silly idealTree:prePrune ├── har-validator@2.0.6
75 silly idealTree:prePrune ├── has-ansi@2.0.0
75 silly idealTree:prePrune ├── hawk@3.1.3
75 silly idealTree:prePrune ├── hoek@2.16.3
75 silly idealTree:prePrune ├── hooks-fixed@1.1.0
75 silly idealTree:prePrune ├── http-errors@1.4.0
75 silly idealTree:prePrune ├── http-signature@1.1.1
75 silly idealTree:prePrune ├── iconv-lite@0.4.13
75 silly idealTree:prePrune ├── inflight@1.0.4
75 silly idealTree:prePrune ├── inherits@2.0.1
75 silly idealTree:prePrune ├── ipaddr.js@1.0.5
75 silly idealTree:prePrune ├── is-my-json-valid@2.13.1
75 silly idealTree:prePrune ├── is-property@1.0.2
75 silly idealTree:prePrune ├── is-typedarray@1.0.0
75 silly idealTree:prePrune ├── isarray@0.0.1
75 silly idealTree:prePrune ├── isstream@0.1.2
75 silly idealTree:prePrune ├── jodid25519@1.0.2
75 silly idealTree:prePrune ├── jsbn@0.1.0
75 silly idealTree:prePrune ├── json-schema@0.2.2
75 silly idealTree:prePrune ├── json-stringify-safe@5.0.1
75 silly idealTree:prePrune ├── jsonpointer@2.0.0
75 silly idealTree:prePrune ├── jsprim@1.2.2
75 silly idealTree:prePrune ├── kareem@1.0.1
75 silly idealTree:prePrune ├── lru-cache@4.0.0
75 silly idealTree:prePrune ├── media-typer@0.3.0
75 silly idealTree:prePrune ├── merge-descriptors@1.0.1
75 silly idealTree:prePrune ├── method-override@2.3.5
75 silly idealTree:prePrune ├── methods@1.1.2
75 silly idealTree:prePrune ├── mime-db@1.22.0
75 silly idealTree:prePrune ├── mime-types@2.1.10
75 silly idealTree:prePrune ├── mime@1.3.4
75 silly idealTree:prePrune ├── minimatch@3.0.0
75 silly idealTree:prePrune ├── minimist@0.0.10
75 silly idealTree:prePrune ├── mongodb-core@1.3.1
75 silly idealTree:prePrune ├── mongodb@2.1.7
75 silly idealTree:prePrune ├─┬ mongoose@4.4.5
75 silly idealTree:prePrune │ ├── async@1.5.2
75 silly idealTree:prePrune │ └── mongodb@2.1.6
75 silly idealTree:prePrune ├── morgan@1.7.0
75 silly idealTree:prePrune ├── mpath@0.2.1
75 silly idealTree:prePrune ├── mpromise@0.5.5
75 silly idealTree:prePrune ├─┬ mquery@1.7.0
75 silly idealTree:prePrune │ └── sliced@0.0.5
75 silly idealTree:prePrune ├── ms@0.7.1
75 silly idealTree:prePrune ├── muri@1.1.0
75 silly idealTree:prePrune ├── negotiator@0.5.3
75 silly idealTree:prePrune ├── node-uuid@1.4.7
75 silly idealTree:prePrune ├── oauth-sign@0.8.1
75 silly idealTree:prePrune ├── object-keys@1.0.9
75 silly idealTree:prePrune ├── object.assign@1.1.1
75 silly idealTree:prePrune ├── on-finished@2.3.0
75 silly idealTree:prePrune ├── on-headers@1.0.1
75 silly idealTree:prePrune ├── once@1.3.3
75 silly idealTree:prePrune ├── optimist@0.6.1
75 silly idealTree:prePrune ├── parseurl@1.3.1
75 silly idealTree:prePrune ├── path-is-absolute@1.0.0
75 silly idealTree:prePrune ├── path-to-regexp@0.1.7
75 silly idealTree:prePrune ├── pinkie-promise@2.0.0
75 silly idealTree:prePrune ├── pinkie@2.0.4
75 silly idealTree:prePrune ├── process-nextick-args@1.0.6
75 silly idealTree:prePrune ├── promise@6.1.0
75 silly idealTree:prePrune ├── proxy-addr@1.0.10
75 silly idealTree:prePrune ├── pseudomap@1.0.2
75 silly idealTree:prePrune ├── qs@6.1.0
75 silly idealTree:prePrune ├── range-parser@1.0.3
75 silly idealTree:prePrune ├── raw-body@2.1.5
75 silly idealTree:prePrune ├── readable-stream@1.0.31
75 silly idealTree:prePrune ├── regexp-clone@0.0.1
75 silly idealTree:prePrune ├─┬ request@2.69.0
75 silly idealTree:prePrune │ └── qs@6.0.2
75 silly idealTree:prePrune ├── require_optional@1.0.0
75 silly idealTree:prePrune ├── resolve-from@2.0.0
75 silly idealTree:prePrune ├── semver@5.1.0
75 silly idealTree:prePrune ├─┬ send@0.13.1
75 silly idealTree:prePrune │ └── http-errors@1.3.1
75 silly idealTree:prePrune ├── serve-static@1.10.2
75 silly idealTree:prePrune ├── sliced@1.0.1
75 silly idealTree:prePrune ├── sntp@1.0.9
75 silly idealTree:prePrune ├── source-map@0.1.43
75 silly idealTree:prePrune ├── sshpk@1.7.4
75 silly idealTree:prePrune ├── statuses@1.2.1
75 silly idealTree:prePrune ├── string_decoder@0.10.31
75 silly idealTree:prePrune ├── stringstream@0.0.5
75 silly idealTree:prePrune ├── strip-ansi@3.0.1
75 silly idealTree:prePrune ├── supports-color@2.0.0
75 silly idealTree:prePrune ├── tough-cookie@2.2.1
75 silly idealTree:prePrune ├── tunnel-agent@0.4.2
75 silly idealTree:prePrune ├── tweetnacl@0.14.1
75 silly idealTree:prePrune ├── type-is@1.6.11
75 silly idealTree:prePrune ├─┬ uglify-js@2.3.6
75 silly idealTree:prePrune │ └── optimist@0.3.7
75 silly idealTree:prePrune ├── uid-safe@2.0.0
75 silly idealTree:prePrune ├── unpipe@1.0.0
75 silly idealTree:prePrune ├── util-deprecate@1.0.2
75 silly idealTree:prePrune ├── utils-merge@1.0.0
75 silly idealTree:prePrune ├── vary@1.0.1
75 silly idealTree:prePrune ├── verror@1.3.6
75 silly idealTree:prePrune ├── wordwrap@0.0.3
75 silly idealTree:prePrune ├── wrappy@1.0.1
75 silly idealTree:prePrune ├── xtend@4.0.1
75 silly idealTree:prePrune └── yallist@2.0.0
76 silly loadIdealTree Finishing
77 silly currentTree Spotinder@1.0.0
77 silly currentTree ├── accepts@1.2.13
77 silly currentTree ├── amdefine@1.0.0
77 silly currentTree ├── ansi-regex@2.0.0
77 silly currentTree ├── ansi-styles@2.2.0
77 silly currentTree ├── array-flatten@1.1.1
77 silly currentTree ├── asap@1.0.0
77 silly currentTree ├── asn1@0.2.3
77 silly currentTree ├── assert-plus@0.2.0
77 silly currentTree ├── async@0.2.10
77 silly currentTree ├── aws-sign2@0.6.0
77 silly currentTree ├── aws4@1.3.2
77 silly currentTree ├── balanced-match@0.3.0
77 silly currentTree ├── base64-url@1.2.1
77 silly currentTree ├── basic-auth@1.0.3
77 silly currentTree ├─┬ bl@1.0.3
77 silly currentTree │ └── readable-stream@2.0.5
77 silly currentTree ├── bluebird@2.9.26
77 silly currentTree ├── body-parser@1.15.0
77 silly currentTree ├── boom@2.10.1
77 silly currentTree ├── brace-expansion@1.1.3
77 silly currentTree ├── bson@0.4.21
77 silly currentTree ├── bytes@2.2.0
77 silly currentTree ├── caseless@0.11.0
77 silly currentTree ├── chalk@1.1.1
77 silly currentTree ├── color-convert@1.0.0
77 silly currentTree ├── combined-stream@1.0.5
77 silly currentTree ├── commander@2.9.0
77 silly currentTree ├── concat-map@0.0.1
77 silly currentTree ├── content-disposition@0.5.1
77 silly currentTree ├── content-type@1.0.1
77 silly currentTree ├── cookie-parser@1.4.1
77 silly currentTree ├── cookie-signature@1.0.6
77 silly currentTree ├── cookie@0.2.3
77 silly currentTree ├── core-util-is@1.0.2
77 silly currentTree ├── crc@3.4.0
77 silly currentTree ├── cryptiles@2.0.5
77 silly currentTree ├─┬ dashdash@1.13.0
77 silly currentTree │ └── assert-plus@1.0.0
77 silly currentTree ├── debug@2.2.0
77 silly currentTree ├── delayed-stream@1.0.0
77 silly currentTree ├── depd@1.1.0
77 silly currentTree ├── destroy@1.0.4
77 silly currentTree ├── ecc-jsbn@0.1.1
77 silly currentTree ├── ee-first@1.1.1
77 silly currentTree ├── es6-promise@3.0.2
77 silly currentTree ├── escape-html@1.0.3
77 silly currentTree ├── escape-string-regexp@1.0.5
77 silly currentTree ├── etag@1.7.0
77 silly currentTree ├── express-handlebars@2.0.1
77 silly currentTree ├── express-session@1.13.0
77 silly currentTree ├─┬ express@4.13.4
77 silly currentTree │ ├── cookie@0.1.5
77 silly currentTree │ └── qs@4.0.0
77 silly currentTree ├── extend@3.0.0
77 silly currentTree ├── extsprintf@1.0.2
77 silly currentTree ├── finalhandler@0.4.1
77 silly currentTree ├── forever-agent@0.6.1
77 silly currentTree ├─┬ form-data@1.0.0-rc3
77 silly currentTree │ └── async@1.5.2
77 silly currentTree ├── forwarded@0.1.0
77 silly currentTree ├── fresh@0.3.0
77 silly currentTree ├── generate-function@2.0.0
77 silly currentTree ├── generate-object-property@1.2.0
77 silly currentTree ├── glob@5.0.15
77 silly currentTree ├── graceful-fs@3.0.8
77 silly currentTree ├── graceful-readlink@1.0.1
77 silly currentTree ├── handlebars@3.0.3
77 silly currentTree ├── har-validator@2.0.6
77 silly currentTree ├── has-ansi@2.0.0
77 silly currentTree ├── hawk@3.1.3
77 silly currentTree ├── hoek@2.16.3
77 silly currentTree ├── hooks-fixed@1.1.0
77 silly currentTree ├── http-errors@1.4.0
77 silly currentTree ├── http-signature@1.1.1
77 silly currentTree ├── iconv-lite@0.4.13
77 silly currentTree ├── inflight@1.0.4
77 silly currentTree ├── inherits@2.0.1
77 silly currentTree ├── ipaddr.js@1.0.5
77 silly currentTree ├── is-my-json-valid@2.13.1
77 silly currentTree ├── is-property@1.0.2
77 silly currentTree ├── is-typedarray@1.0.0
77 silly currentTree ├── isarray@0.0.1
77 silly currentTree ├── isstream@0.1.2
77 silly currentTree ├── jodid25519@1.0.2
77 silly currentTree ├── jsbn@0.1.0
77 silly currentTree ├── json-schema@0.2.2
77 silly currentTree ├── json-stringify-safe@5.0.1
77 silly currentTree ├── jsonpointer@2.0.0
77 silly currentTree ├── jsprim@1.2.2
77 silly currentTree ├── kareem@1.0.1
77 silly currentTree ├── lru-cache@4.0.0
77 silly currentTree ├── media-typer@0.3.0
77 silly currentTree ├── merge-descriptors@1.0.1
77 silly currentTree ├── method-override@2.3.5
77 silly currentTree ├── methods@1.1.2
77 silly currentTree ├── mime-db@1.22.0
77 silly currentTree ├── mime-types@2.1.10
77 silly currentTree ├── mime@1.3.4
77 silly currentTree ├── minimatch@3.0.0
77 silly currentTree ├── minimist@0.0.10
77 silly currentTree ├── mongodb-core@1.3.1
77 silly currentTree ├── mongodb@2.1.7
77 silly currentTree ├─┬ mongoose@4.4.5
77 silly currentTree │ ├── async@1.5.2
77 silly currentTree │ └── mongodb@2.1.6
77 silly currentTree ├── morgan@1.7.0
77 silly currentTree ├── mpath@0.2.1
77 silly currentTree ├── mpromise@0.5.5
77 silly currentTree ├─┬ mquery@1.7.0
77 silly currentTree │ └── sliced@0.0.5
77 silly currentTree ├── ms@0.7.1
77 silly currentTree ├── muri@1.1.0
77 silly currentTree ├── negotiator@0.5.3
77 silly currentTree ├── node-uuid@1.4.7
77 silly currentTree ├── oauth-sign@0.8.1
77 silly currentTree ├── object-keys@1.0.9
77 silly currentTree ├── object.assign@1.1.1
77 silly currentTree ├── on-finished@2.3.0
77 silly currentTree ├── on-headers@1.0.1
77 silly currentTree ├── once@1.3.3
77 silly currentTree ├── optimist@0.6.1
77 silly currentTree ├── parseurl@1.3.1
77 silly currentTree ├── path-is-absolute@1.0.0
77 silly currentTree ├── path-to-regexp@0.1.7
77 silly currentTree ├── pinkie-promise@2.0.0
77 silly currentTree ├── pinkie@2.0.4
77 silly currentTree ├── process-nextick-args@1.0.6
77 silly currentTree ├── promise@6.1.0
77 silly currentTree ├── proxy-addr@1.0.10
77 silly currentTree ├── pseudomap@1.0.2
77 silly currentTree ├── qs@6.1.0
77 silly currentTree ├── range-parser@1.0.3
77 silly currentTree ├── raw-body@2.1.5
77 silly currentTree ├── readable-stream@1.0.31
77 silly currentTree ├── regexp-clone@0.0.1
77 silly currentTree ├── require_optional@1.0.0
77 silly currentTree ├── resolve-from@2.0.0
77 silly currentTree ├── semver@5.1.0
77 silly currentTree ├─┬ send@0.13.1
77 silly currentTree │ └── http-errors@1.3.1
77 silly currentTree ├── serve-static@1.10.2
77 silly currentTree ├── sliced@1.0.1
77 silly currentTree ├── sntp@1.0.9
77 silly currentTree ├── source-map@0.1.43
77 silly currentTree ├── sshpk@1.7.4
77 silly currentTree ├── statuses@1.2.1
77 silly currentTree ├── string_decoder@0.10.31
77 silly currentTree ├── stringstream@0.0.5
77 silly currentTree ├── strip-ansi@3.0.1
77 silly currentTree ├── supports-color@2.0.0
77 silly currentTree ├── tough-cookie@2.2.1
77 silly currentTree ├── tunnel-agent@0.4.2
77 silly currentTree ├── tweetnacl@0.14.1
77 silly currentTree ├── type-is@1.6.11
77 silly currentTree ├─┬ uglify-js@2.3.6
77 silly currentTree │ └── optimist@0.3.7
77 silly currentTree ├── uid-safe@2.0.0
77 silly currentTree ├── unpipe@1.0.0
77 silly currentTree ├── util-deprecate@1.0.2
77 silly currentTree ├── utils-merge@1.0.0
77 silly currentTree ├── vary@1.0.1
77 silly currentTree ├── verror@1.3.6
77 silly currentTree ├── wordwrap@0.0.3
77 silly currentTree ├── wrappy@1.0.1
77 silly currentTree ├── xtend@4.0.1
77 silly currentTree └── yallist@2.0.0
78 silly idealTree Spotinder@1.0.0
78 silly idealTree ├── accepts@1.2.13
78 silly idealTree ├── amdefine@1.0.0
78 silly idealTree ├── ansi-regex@2.0.0
78 silly idealTree ├── ansi-styles@2.2.0
78 silly idealTree ├── array-flatten@1.1.1
78 silly idealTree ├── asap@1.0.0
78 silly idealTree ├── asn1@0.2.3
78 silly idealTree ├── assert-plus@0.2.0
78 silly idealTree ├── async@0.2.10
78 silly idealTree ├── aws-sign2@0.6.0
78 silly idealTree ├── aws4@1.3.2
78 silly idealTree ├── balanced-match@0.3.0
78 silly idealTree ├── base64-url@1.2.1
78 silly idealTree ├── basic-auth@1.0.3
78 silly idealTree ├─┬ bl@1.0.3
78 silly idealTree │ └── readable-stream@2.0.5
78 silly idealTree ├── bluebird@2.9.26
78 silly idealTree ├── body-parser@1.15.0
78 silly idealTree ├── boom@2.10.1
78 silly idealTree ├── brace-expansion@1.1.3
78 silly idealTree ├── bson@0.4.21
78 silly idealTree ├── bytes@2.2.0
78 silly idealTree ├── caseless@0.11.0
78 silly idealTree ├── chalk@1.1.1
78 silly idealTree ├── color-convert@1.0.0
78 silly idealTree ├── combined-stream@1.0.5
78 silly idealTree ├── commander@2.9.0
78 silly idealTree ├── concat-map@0.0.1
78 silly idealTree ├── content-disposition@0.5.1
78 silly idealTree ├── content-type@1.0.1
78 silly idealTree ├── cookie-parser@1.4.1
78 silly idealTree ├── cookie-signature@1.0.6
78 silly idealTree ├── cookie@0.2.3
78 silly idealTree ├── core-util-is@1.0.2
78 silly idealTree ├── crc@3.4.0
78 silly idealTree ├── cryptiles@2.0.5
78 silly idealTree ├─┬ dashdash@1.13.0
78 silly idealTree │ └── assert-plus@1.0.0
78 silly idealTree ├── debug@2.2.0
78 silly idealTree ├── delayed-stream@1.0.0
78 silly idealTree ├── depd@1.1.0
78 silly idealTree ├── destroy@1.0.4
78 silly idealTree ├── ecc-jsbn@0.1.1
78 silly idealTree ├── ee-first@1.1.1
78 silly idealTree ├── es6-promise@3.0.2
78 silly idealTree ├── escape-html@1.0.3
78 silly idealTree ├── escape-string-regexp@1.0.5
78 silly idealTree ├── etag@1.7.0
78 silly idealTree ├── express-handlebars@2.0.1
78 silly idealTree ├── express-session@1.13.0
78 silly idealTree ├─┬ express@4.13.4
78 silly idealTree │ ├── cookie@0.1.5
78 silly idealTree │ └── qs@4.0.0
78 silly idealTree ├── extend@3.0.0
78 silly idealTree ├── extsprintf@1.0.2
78 silly idealTree ├── finalhandler@0.4.1
78 silly idealTree ├── forever-agent@0.6.1
78 silly idealTree ├─┬ form-data@1.0.0-rc3
78 silly idealTree │ └── async@1.5.2
78 silly idealTree ├── forwarded@0.1.0
78 silly idealTree ├── fresh@0.3.0
78 silly idealTree ├── generate-function@2.0.0
78 silly idealTree ├── generate-object-property@1.2.0
78 silly idealTree ├── glob@5.0.15
78 silly idealTree ├── graceful-fs@3.0.8
78 silly idealTree ├── graceful-readlink@1.0.1
78 silly idealTree ├── handlebars@3.0.3
78 silly idealTree ├── har-validator@2.0.6
78 silly idealTree ├── has-ansi@2.0.0
78 silly idealTree ├── hawk@3.1.3
78 silly idealTree ├── hoek@2.16.3
78 silly idealTree ├── hooks-fixed@1.1.0
78 silly idealTree ├── http-errors@1.4.0
78 silly idealTree ├── http-signature@1.1.1
78 silly idealTree ├── iconv-lite@0.4.13
78 silly idealTree ├── inflight@1.0.4
78 silly idealTree ├── inherits@2.0.1
78 silly idealTree ├── ipaddr.js@1.0.5
78 silly idealTree ├── is-my-json-valid@2.13.1
78 silly idealTree ├── is-property@1.0.2
78 silly idealTree ├── is-typedarray@1.0.0
78 silly idealTree ├── isarray@0.0.1
78 silly idealTree ├── isstream@0.1.2
78 silly idealTree ├── jodid25519@1.0.2
78 silly idealTree ├── jsbn@0.1.0
78 silly idealTree ├── json-schema@0.2.2
78 silly idealTree ├── json-stringify-safe@5.0.1
78 silly idealTree ├── jsonpointer@2.0.0
78 silly idealTree ├── jsprim@1.2.2
78 silly idealTree ├── kareem@1.0.1
78 silly idealTree ├── lru-cache@4.0.0
78 silly idealTree ├── media-typer@0.3.0
78 silly idealTree ├── merge-descriptors@1.0.1
78 silly idealTree ├── method-override@2.3.5
78 silly idealTree ├── methods@1.1.2
78 silly idealTree ├── mime-db@1.22.0
78 silly idealTree ├── mime-types@2.1.10
78 silly idealTree ├── mime@1.3.4
78 silly idealTree ├── minimatch@3.0.0
78 silly idealTree ├── minimist@0.0.10
78 silly idealTree ├── mongodb-core@1.3.1
78 silly idealTree ├── mongodb@2.1.7
78 silly idealTree ├─┬ mongoose@4.4.5
78 silly idealTree │ ├── async@1.5.2
78 silly idealTree │ └── mongodb@2.1.6
78 silly idealTree ├── morgan@1.7.0
78 silly idealTree ├── mpath@0.2.1
78 silly idealTree ├── mpromise@0.5.5
78 silly idealTree ├─┬ mquery@1.7.0
78 silly idealTree │ └── sliced@0.0.5
78 silly idealTree ├── ms@0.7.1
78 silly idealTree ├── muri@1.1.0
78 silly idealTree ├── negotiator@0.5.3
78 silly idealTree ├── node-uuid@1.4.7
78 silly idealTree ├── oauth-sign@0.8.1
78 silly idealTree ├── object-keys@1.0.9
78 silly idealTree ├── object.assign@1.1.1
78 silly idealTree ├── on-finished@2.3.0
78 silly idealTree ├── on-headers@1.0.1
78 silly idealTree ├── once@1.3.3
78 silly idealTree ├── optimist@0.6.1
78 silly idealTree ├── parseurl@1.3.1
78 silly idealTree ├── path-is-absolute@1.0.0
78 silly idealTree ├── path-to-regexp@0.1.7
78 silly idealTree ├── pinkie-promise@2.0.0
78 silly idealTree ├── pinkie@2.0.4
78 silly idealTree ├── process-nextick-args@1.0.6
78 silly idealTree ├── promise@6.1.0
78 silly idealTree ├── proxy-addr@1.0.10
78 silly idealTree ├── pseudomap@1.0.2
78 silly idealTree ├── qs@6.1.0
78 silly idealTree ├── range-parser@1.0.3
78 silly idealTree ├── raw-body@2.1.5
78 silly idealTree ├── readable-stream@1.0.31
78 silly idealTree ├── regexp-clone@0.0.1
78 silly idealTree ├─┬ request@2.69.0
78 silly idealTree │ └── qs@6.0.2
78 silly idealTree ├── require_optional@1.0.0
78 silly idealTree ├── resolve-from@2.0.0
78 silly idealTree ├── semver@5.1.0
78 silly idealTree ├─┬ send@0.13.1
78 silly idealTree │ └── http-errors@1.3.1
78 silly idealTree ├── serve-static@1.10.2
78 silly idealTree ├── sliced@1.0.1
78 silly idealTree ├── sntp@1.0.9
78 silly idealTree ├── source-map@0.1.43
78 silly idealTree ├── sshpk@1.7.4
78 silly idealTree ├── statuses@1.2.1
78 silly idealTree ├── string_decoder@0.10.31
78 silly idealTree ├── stringstream@0.0.5
78 silly idealTree ├── strip-ansi@3.0.1
78 silly idealTree ├── supports-color@2.0.0
78 silly idealTree ├── tough-cookie@2.2.1
78 silly idealTree ├── tunnel-agent@0.4.2
78 silly idealTree ├── tweetnacl@0.14.1
78 silly idealTree ├── type-is@1.6.11
78 silly idealTree ├─┬ uglify-js@2.3.6
78 silly idealTree │ └── optimist@0.3.7
78 silly idealTree ├── uid-safe@2.0.0
78 silly idealTree ├── unpipe@1.0.0
78 silly idealTree ├── util-deprecate@1.0.2
78 silly idealTree ├── utils-merge@1.0.0
78 silly idealTree ├── vary@1.0.1
78 silly idealTree ├── verror@1.3.6
78 silly idealTree ├── wordwrap@0.0.3
78 silly idealTree ├── wrappy@1.0.1
78 silly idealTree ├── xtend@4.0.1
78 silly idealTree └── yallist@2.0.0
79 silly generateActionsToTake Starting
80 silly install generateActionsToTake
81 silly generateActionsToTake Finishing
82 silly diffTrees action count 4
83 silly diffTrees add qs@6.0.2
84 silly diffTrees update express-session@1.13.0
85 silly diffTrees update mongodb@2.1.7
86 silly diffTrees add request@2.69.0
87 silly decomposeActions action count 32
88 silly decomposeActions fetch qs@6.0.2
89 silly decomposeActions extract qs@6.0.2
90 silly decomposeActions test qs@6.0.2
91 silly decomposeActions preinstall qs@6.0.2
92 silly decomposeActions build qs@6.0.2
93 silly decomposeActions install qs@6.0.2
94 silly decomposeActions postinstall qs@6.0.2
95 silly decomposeActions finalize qs@6.0.2
96 silly decomposeActions fetch express-session@1.13.0
97 silly decomposeActions extract express-session@1.13.0
98 silly decomposeActions test express-session@1.13.0
99 silly decomposeActions preinstall express-session@1.13.0
100 silly decomposeActions build express-session@1.13.0
101 silly decomposeActions install express-session@1.13.0
102 silly decomposeActions postinstall express-session@1.13.0
103 silly decomposeActions finalize express-session@1.13.0
104 silly decomposeActions fetch mongodb@2.1.7
105 silly decomposeActions extract mongodb@2.1.7
106 silly decomposeActions test mongodb@2.1.7
107 silly decomposeActions preinstall mongodb@2.1.7
108 silly decomposeActions build mongodb@2.1.7
109 silly decomposeActions install mongodb@2.1.7
110 silly decomposeActions postinstall mongodb@2.1.7
111 silly decomposeActions finalize mongodb@2.1.7
112 silly decomposeActions fetch request@2.69.0
113 silly decomposeActions extract request@2.69.0
114 silly decomposeActions test request@2.69.0
115 silly decomposeActions preinstall request@2.69.0
116 silly decomposeActions build request@2.69.0
117 silly decomposeActions install request@2.69.0
118 silly decomposeActions postinstall request@2.69.0
119 silly decomposeActions finalize request@2.69.0
120 silly executeActions Starting
121 silly install executeActions
122 silly doSerial global-install 0
123 silly doParallel fetch 4
124 verbose correctMkdir /home/zarin/.npm/_locks correctMkdir not in flight; initializing
125 verbose lock using /home/zarin/.npm/_locks/staging-00b7d398048f767a.lock for /home/zarin/javascripting/Spotinder/node_modules/.staging
126 silly doParallel extract 4
127 silly extract qs@6.0.2
128 silly extract express-session@1.13.0
129 silly extract mongodb@2.1.7
130 silly extract request@2.69.0
131 verbose unbuild node_modules/.staging/qs-ae7183f9
132 verbose unbuild node_modules/.staging/express-session-ec718915
133 verbose unbuild node_modules/.staging/mongodb-18387304
134 verbose unbuild node_modules/.staging/request-a157b58a
135 silly gentlyRm /home/zarin/javascripting/Spotinder/node_modules/.staging/qs-ae7183f9 is being purged from base /home/zarin/javascripting/Spotinder
136 verbose gentlyRm don't care about contents; nuking /home/zarin/javascripting/Spotinder/node_modules/.staging/qs-ae7183f9
137 silly gentlyRm /home/zarin/javascripting/Spotinder/node_modules/.staging/express-session-ec718915 is being purged from base /home/zarin/javascripting/Spotinder
138 verbose gentlyRm don't care about contents; nuking /home/zarin/javascripting/Spotinder/node_modules/.staging/express-session-ec718915
139 silly gentlyRm /home/zarin/javascripting/Spotinder/node_modules/.staging/mongodb-18387304 is being purged from base /home/zarin/javascripting/Spotinder
140 verbose gentlyRm don't care about contents; nuking /home/zarin/javascripting/Spotinder/node_modules/.staging/mongodb-18387304
141 silly gentlyRm /home/zarin/javascripting/Spotinder/node_modules/.staging/request-a157b58a is being purged from base /home/zarin/javascripting/Spotinder
142 verbose gentlyRm don't care about contents; nuking /home/zarin/javascripting/Spotinder/node_modules/.staging/request-a157b58a
143 verbose tar unpack /home/zarin/.npm/qs/6.0.2/package.tgz
144 verbose tar unpacking to /home/zarin/javascripting/Spotinder/node_modules/.staging/qs-ae7183f9
145 silly gentlyRm /home/zarin/javascripting/Spotinder/node_modules/.staging/qs-ae7183f9 is being purged
146 verbose gentlyRm don't care about contents; nuking /home/zarin/javascripting/Spotinder/node_modules/.staging/qs-ae7183f9
147 verbose tar unpack /home/zarin/.npm/express-session/1.13.0/package.tgz
148 verbose tar unpacking to /home/zarin/javascripting/Spotinder/node_modules/.staging/express-session-ec718915
149 silly gentlyRm /home/zarin/javascripting/Spotinder/node_modules/.staging/express-session-ec718915 is being purged
150 verbose gentlyRm don't care about contents; nuking /home/zarin/javascripting/Spotinder/node_modules/.staging/express-session-ec718915
151 verbose tar unpack /home/zarin/.npm/mongodb/2.1.7/package.tgz
152 verbose tar unpacking to /home/zarin/javascripting/Spotinder/node_modules/.staging/mongodb-18387304
153 silly gentlyRm /home/zarin/javascripting/Spotinder/node_modules/.staging/mongodb-18387304 is being purged
154 verbose gentlyRm don't care about contents; nuking /home/zarin/javascripting/Spotinder/node_modules/.staging/mongodb-18387304
155 verbose tar unpack /home/zarin/.npm/request/2.69.0/package.tgz
156 verbose tar unpacking to /home/zarin/javascripting/Spotinder/node_modules/.staging/request-a157b58a
157 silly gentlyRm /home/zarin/javascripting/Spotinder/node_modules/.staging/request-a157b58a is being purged
158 verbose gentlyRm don't care about contents; nuking /home/zarin/javascripting/Spotinder/node_modules/.staging/request-a157b58a
159 silly gunzTarPerm modes [ '755', '644' ]
160 silly gunzTarPerm modes [ '755', '644' ]
161 silly gunzTarPerm modes [ '755', '644' ]
162 silly gunzTarPerm modes [ '755', '644' ]
163 silly gunzTarPerm extractEntry package.json
164 silly gunzTarPerm extractEntry package.json
165 silly gunzTarPerm modified mode [ 'package.json', 438, 420 ]
166 silly gunzTarPerm extractEntry package.json
167 silly gunzTarPerm extractEntry package.json
168 silly gunzTarPerm extractEntry .npmignore
169 silly gunzTarPerm extractEntry README.md
170 silly gunzTarPerm extractEntry README.md
171 silly gunzTarPerm modified mode [ 'README.md', 438, 420 ]
172 silly gunzTarPerm extractEntry LICENSE
173 silly gunzTarPerm modified mode [ 'LICENSE', 438, 420 ]
174 silly gunzTarPerm extractEntry index.js
175 silly gunzTarPerm modified mode [ 'index.js', 438, 420 ]
176 silly gunzTarPerm extractEntry HISTORY.md
177 silly gunzTarPerm modified mode [ 'HISTORY.md', 438, 420 ]
178 silly gunzTarPerm extractEntry session/cookie.js
179 silly gunzTarPerm modified mode [ 'session/cookie.js', 438, 420 ]
180 silly gunzTarPerm extractEntry session/memory.js
181 silly gunzTarPerm modified mode [ 'session/memory.js', 438, 420 ]
182 silly gunzTarPerm extractEntry session/session.js
183 silly gunzTarPerm modified mode [ 'session/session.js', 438, 420 ]
184 silly gunzTarPerm extractEntry session/store.js
185 silly gunzTarPerm modified mode [ 'session/store.js', 438, 420 ]
186 silly gunzTarPerm extractEntry README.md
187 silly gunzTarPerm extractEntry .npmignore
188 silly gunzTarPerm extractEntry README.md
189 silly gunzTarPerm extractEntry LICENSE
190 silly gunzTarPerm extractEntry LICENSE
191 silly gunzTarPerm extractEntry .travis.yml
192 silly gunzTarPerm extractEntry CHANGELOG.md
193 silly gunzTarPerm extractEntry CONTRIBUTING.md
194 silly gunzTarPerm extractEntry .eslintrc
195 silly gunzTarPerm extractEntry bower.json
196 silly gunzTarPerm extractEntry component.json
197 silly gunzTarPerm extractEntry dist/qs.js
198 silly gunzTarPerm extractEntry lib/index.js
199 silly gunzTarPerm extractEntry lib/parse.js
200 silly gunzTarPerm extractEntry lib/stringify.js
201 silly gunzTarPerm extractEntry lib/utils.js
202 silly gunzTarPerm extractEntry .eslintignore
203 silly gunzTarPerm extractEntry test/index.js
204 silly gunzTarPerm extractEntry test/parse.js
205 silly gunzTarPerm extractEntry test/stringify.js
206 silly gunzTarPerm extractEntry test/utils.js
207 silly gunzTarPerm extractEntry index.js
208 silly gunzTarPerm extractEntry test.js
209 silly gunzTarPerm extractEntry LICENSE
210 silly gunzTarPerm extractEntry index.js
211 silly gunzTarPerm extractEntry request.js
212 silly gunzTarPerm extractEntry .travis.yml
213 silly gunzTarPerm extractEntry conf.json
214 silly gunzTarPerm extractEntry .nyc_output/81699.json
215 silly gunzTarPerm extractEntry CHANGELOG.md
216 silly gunzTarPerm extractEntry lib/auth.js
217 silly gunzTarPerm extractEntry lib/cookies.js
218 silly gunzTarPerm extractEntry lib/getProxyFromURI.js
219 silly gunzTarPerm extractEntry lib/har.js
220 silly gunzTarPerm extractEntry lib/helpers.js
221 silly gunzTarPerm extractEntry lib/multipart.js
222 silly gunzTarPerm extractEntry lib/oauth.js
223 silly gunzTarPerm extractEntry lib/querystring.js
224 silly gunzTarPerm extractEntry lib/redirect.js
225 silly gentlyRm /home/zarin/javascripting/Spotinder/node_modules/.staging/express-session-ec718915/node_modules is being purged
226 verbose gentlyRm don't care about contents; nuking /home/zarin/javascripting/Spotinder/node_modules/.staging/express-session-ec718915/node_modules
227 silly gunzTarPerm extractEntry lib/tunnel.js
228 silly gunzTarPerm extractEntry CONTRIBUTING.md
229 silly gunzTarPerm extractEntry .eslintrc
230 silly gentlyRm /home/zarin/javascripting/Spotinder/node_modules/.staging/qs-ae7183f9/node_modules is being purged
231 verbose gentlyRm don't care about contents; nuking /home/zarin/javascripting/Spotinder/node_modules/.staging/qs-ae7183f9/node_modules
232 silly gunzTarPerm extractEntry .coveralls.yml
233 silly gunzTarPerm extractEntry lib/admin.js
234 silly gunzTarPerm extractEntry lib/command_cursor.js
235 silly gunzTarPerm extractEntry lib/cursor.js
236 silly gunzTarPerm extractEntry lib/db.js
237 silly gentlyRm /home/zarin/javascripting/Spotinder/node_modules/.staging/request-a157b58a/node_modules is being purged
238 verbose gentlyRm don't care about contents; nuking /home/zarin/javascripting/Spotinder/node_modules/.staging/request-a157b58a/node_modules
239 silly gunzTarPerm extractEntry lib/collection.js
240 silly gunzTarPerm extractEntry lib/aggregation_cursor.js
241 silly gunzTarPerm extractEntry lib/metadata.js
242 silly gunzTarPerm extractEntry lib/mongo_client.js
243 silly gunzTarPerm extractEntry lib/mongos.js
244 silly gunzTarPerm extractEntry lib/read_preference.js
245 silly gunzTarPerm extractEntry lib/url_parser.js
246 silly gunzTarPerm extractEntry lib/replset.js
247 silly gunzTarPerm extractEntry lib/apm.js
248 silly gunzTarPerm extractEntry lib/server.js
249 silly gunzTarPerm extractEntry lib/topology_base.js
250 silly gunzTarPerm extractEntry lib/utils.js
251 silly gunzTarPerm extractEntry lib/gridfs/chunk.js
252 silly gunzTarPerm extractEntry lib/gridfs/grid_store.js
253 silly gunzTarPerm extractEntry lib/bulk/common.js
254 silly gunzTarPerm extractEntry lib/bulk/ordered.js
255 silly gunzTarPerm extractEntry lib/bulk/unordered.js
256 silly gunzTarPerm extractEntry lib/gridfs-stream/download.js
257 silly gunzTarPerm extractEntry lib/gridfs-stream/index.js
258 silly gunzTarPerm extractEntry lib/gridfs-stream/upload.js
259 silly gunzTarPerm extractEntry Makefile
260 silly gunzTarPerm extractEntry HISTORY.md
261 silly gunzTarPerm extractEntry test.json
262 silly gentlyRm /home/zarin/javascripting/Spotinder/node_modules/.staging/mongodb-18387304/node_modules is being purged
263 verbose gentlyRm don't care about contents; nuking /home/zarin/javascripting/Spotinder/node_modules/.staging/mongodb-18387304/node_modules
264 silly doParallel preinstall 4
265 silly preinstall qs@6.0.2 /home/zarin/javascripting/Spotinder/node_modules/.staging/qs-ae7183f9
266 info lifecycle qs@6.0.2~preinstall: qs@6.0.2
267 silly preinstall express-session@1.13.0 /home/zarin/javascripting/Spotinder/node_modules/.staging/express-session-ec718915
268 info lifecycle express-session@1.13.0~preinstall: express-session@1.13.0
269 silly preinstall mongodb@2.1.7 /home/zarin/javascripting/Spotinder/node_modules/.staging/mongodb-18387304
270 info lifecycle mongodb@2.1.7~preinstall: mongodb@2.1.7
271 silly preinstall request@2.69.0 /home/zarin/javascripting/Spotinder/node_modules/.staging/request-a157b58a
272 info lifecycle request@2.69.0~preinstall: request@2.69.0
273 silly lifecycle qs@6.0.2~preinstall: no script for preinstall, continuing
274 silly lifecycle express-session@1.13.0~preinstall: no script for preinstall, continuing
275 silly lifecycle mongodb@2.1.7~preinstall: no script for preinstall, continuing
276 silly lifecycle request@2.69.0~preinstall: no script for preinstall, continuing
277 silly doReverseSerial remove 0
278 silly doSerial move 0
279 silly doSerial finalize 4
280 silly finalize /home/zarin/javascripting/Spotinder/node_modules/request/node_modules/qs
281 silly finalize /home/zarin/javascripting/Spotinder/node_modules/express-session
282 silly finalize /home/zarin/javascripting/Spotinder/node_modules/mongodb
283 silly finalize /home/zarin/javascripting/Spotinder/node_modules/request
284 verbose unlock done using /home/zarin/.npm/_locks/staging-00b7d398048f767a.lock for /home/zarin/javascripting/Spotinder/node_modules/.staging
285 silly rollbackFailedOptional Starting
286 silly rollbackFailedOptional Finishing
287 silly runTopLevelLifecycles Starting
288 silly runTopLevelLifecycles Finishing
289 silly install printInstalled
290 warn Spotinder@1.0.0 No description
291 warn Spotinder@1.0.0 No repository field.
292 verbose stack Error: ENOTEMPTY, rename '/home/zarin/javascripting/Spotinder/node_modules/.request.DELETE'
292 verbose stack     at moveAway (/usr/lib/node_modules/npm/lib/install/action/finalize.js:38:5)
292 verbose stack     at destStatted (/usr/lib/node_modules/npm/lib/install/action/finalize.js:27:7)
292 verbose stack     at Object.oncomplete (fs.js:108:15)
292 verbose stack
292 verbose stack Error: ENOTEMPTY, rename '/home/zarin/javascripting/Spotinder/node_modules/.request.DELETE'
293 verbose cwd /home/zarin/javascripting/Spotinder
294 error Linux 3.19.0-49-generic
295 error argv "node" "/usr/bin/npm" "install" "request"
296 error node v0.10.41
297 error npm  v3.7.2
298 error path /home/zarin/javascripting/Spotinder/node_modules/.request.DELETE
299 error code ENOTEMPTY
300 error errno 53
301 error ENOTEMPTY, rename '/home/zarin/javascripting/Spotinder/node_modules/.request.DELETE'
302 error If you need help, you may report this error at:
302 error     <https://github.com/npm/npm/issues>
303 verbose exit [ 53, true ]
